<?xml version="1.0" encoding="UTF-8"?>
<testsuite name="User login" tests="1" skipped="0" failures="0" errors="0" timestamp="2019-07-31T09:18:34" hostname="SG-3012" time="14.525">
  <properties/>
  <testcase name="Valid administrator login" classname="User login" time="14.525"/>
  <system-out><![CDATA[    ?[32mGiven ?[0m?[32mThe login web page is accessible?[0m             ?[90m# StepDefinitions.theLoginWebPageIsAccessible()?[0m
    ?[32mWhen ?[0m?[32mI introduce the administrator user & password?[0m ?[90m# StepDefinitions.iIntroduceTheAdministratorUserPassword()?[0m
    ?[32mThen ?[0m?[32mThe "?[0m?[32m?[1mmy Profile?[0m?[32m" page is shown?[0m                ?[90m# StepDefinitions.thePageIsShown(String)?[0m
    ?[32mAnd ?[0m?[32mThe "?[0m?[32m?[1medit Profile?[0m?[32m" button is enabled?[0m           ?[90m# StepDefinitions.theButtonIsEnabled(String)?[0m
]]></system-out>
  <system-err><![CDATA[Starting ChromeDriver 2.43.600210 (68dcf5eebde37173d4027fa8635e332711d2874a) on port 6345
Only local connections are allowed.
[1564564721.692][WARNING]: Timed out connecting to Chrome, retrying...
jul. 31, 2019 11:18:43 A. M. org.openqa.selenium.remote.ProtocolHandshake createSession
INFORMACIÓN: Detected dialect: OSS
[Test worker] INFO net.serenitybdd.core.Serenity - 
        __    _____ _____ ____ _____   ____   _    ____  ____  _____ ____  
  _     \ \  |_   _| ____/ ___|_   _| |  _ \ / \  / ___|/ ___|| ____|  _ \ 
 (_)_____| |   | | |  _| \___ \ | |   | |_) / _ \ \___ \\___ \|  _| | | | |
  _|_____| |   | | | |___ ___) || |   |  __/ ___ \ ___) |___) | |___| |_| |
 (_)     | |   |_| |_____|____/ |_|   |_| /_/   \_\____/|____/|_____|____/ 
        /_/                                                                

TEST PASSED: Valid administrator login
----------------------------------------------------------------------------
]]></system-err>
</testsuite>
